<?xml version="1.0" encoding="UTF-8"?>
<!-- Generated by org.testng.reporters.JUnitReportReporter -->
<testsuite hostname="DESKTOP-L7E7ROD" failures="0" tests="1" name="Deserialization.EmpDEComplex" time="0.244" errors="0" timestamp="2023-05-05T12:47:23 IST" skipped="0">
  <testcase classname="Deserialization.EmpDEComplex" name="empComplex" time="0.244"/>
  <system-out/>
</testsuite> <!-- Deserialization.EmpDEComplex -->
