<?xml version="1.0" encoding="UTF-8"?>
<!-- Generated by org.testng.reporters.JUnitReportReporter -->
<testsuite hostname="DESKTOP-L7E7ROD" failures="0" tests="1" name="Practise.Practise" time="2.599" errors="0" timestamp="2023-05-18T15:55:29 IST" skipped="0">
  <testcase classname="Practise.Practise" name="updateRepo" time="2.599"/>
  <system-out/>
</testsuite> <!-- Practise.Practise -->
