<?xml version="1.0" encoding="UTF-8"?>
<!-- Generated by org.testng.reporters.JUnitReportReporter -->
<testsuite hostname="DESKTOP-L7E7ROD" failures="0" tests="1" name="Practice1.SerializationAndDeserialization" time="0.255" errors="0" timestamp="2023-06-28T10:40:55 IST" skipped="0">
  <testcase classname="Practice1.SerializationAndDeserialization" name="deSerialization" time="0.255"/>
  <system-out/>
</testsuite> <!-- Practice1.SerializationAndDeserialization -->
