<?xml version="1.0" encoding="UTF-8"?>
<!-- Generated by org.testng.reporters.JUnitReportReporter -->
<testsuite hostname="DESKTOP-L7E7ROD" failures="0" tests="1" name="BDD.DeleteRepo" time="1.979" errors="0" timestamp="2023-05-08T12:11:53 IST" skipped="0">
  <testcase classname="BDD.DeleteRepo" name="deleteRepo" time="1.979"/>
  <system-out/>
</testsuite> <!-- BDD.DeleteRepo -->
