<?xml version="1.0" encoding="UTF-8"?>
<!-- Generated by org.testng.reporters.JUnitReportReporter -->
<testsuite hostname="DESKTOP-L7E7ROD" failures="0" tests="1" name="Practise.Mocktest1" time="3.403" errors="0" timestamp="2023-05-17T16:08:15 IST" skipped="0">
  <testcase classname="Practise.Mocktest1" name="postRequest" time="3.403"/>
  <system-out/>
</testsuite> <!-- Practise.Mocktest1 -->
