<?xml version="1.0" encoding="UTF-8"?>
<!-- Generated by org.testng.reporters.JUnitReportReporter -->
<testsuite hostname="DESKTOP-L7E7ROD" failures="0" tests="1" name="BDD.AllBDDActions" time="2.614" errors="0" timestamp="2023-05-18T16:22:44 IST" skipped="0">
  <testcase classname="BDD.AllBDDActions" name="postRequest" time="2.614"/>
  <system-out/>
</testsuite> <!-- BDD.AllBDDActions -->
