<?xml version="1.0" encoding="UTF-8"?>
<!-- Generated by org.testng.reporters.JUnitReportReporter -->
<testsuite hostname="DESKTOP-L7E7ROD" failures="0" tests="1" name="Practice1.CRUDOperationsWithOutBdd" time="3.188" errors="0" timestamp="2023-06-28T10:16:03 IST" skipped="0">
  <testcase classname="Practice1.CRUDOperationsWithOutBdd" name="deleteResource" time="3.188"/>
  <system-out/>
</testsuite> <!-- Practice1.CRUDOperationsWithOutBdd -->
