<?xml version="1.0" encoding="UTF-8"?>
<!-- Generated by org.testng.reporters.JUnitReportReporter -->
<testsuite hostname="DESKTOP-L7E7ROD" failures="0" tests="1" name="Framework.Prog1" time="10.557" errors="0" timestamp="2023-07-14T13:37:10 IST" skipped="0">
  <testcase classname="Framework.Prog1" name="test" time="10.557"/>
  <system-out/>
</testsuite> <!-- Framework.Prog1 -->
