<?xml version="1.0" encoding="UTF-8"?>
<!-- Generated by org.testng.reporters.JUnitReportReporter -->
<testsuite hostname="DESKTOP-L7E7ROD" failures="0" tests="1" name="Framework.Test3" time="6.034" errors="0" timestamp="2023-05-16T15:49:56 IST" skipped="0">
  <testcase classname="Framework.Test3" name="test3" time="6.034"/>
  <system-out/>
</testsuite> <!-- Framework.Test3 -->
