<?xml version="1.0" encoding="UTF-8"?>
<!-- Generated by org.testng.reporters.JUnitReportReporter -->
<testsuite hostname="DESKTOP-L7E7ROD" failures="0" tests="1" name="BDD.BDDGetRepo" time="2.036" errors="0" timestamp="2023-05-08T13:35:07 IST" skipped="0">
  <testcase classname="BDD.BDDGetRepo" name="getRepo" time="2.036"/>
  <system-out/>
</testsuite> <!-- BDD.BDDGetRepo -->
