<?xml version="1.0" encoding="UTF-8"?>
<!-- Generated by org.testng.reporters.JUnitReportReporter -->
<testsuite hostname="DESKTOP-L7E7ROD" failures="0" tests="2" name="ShopperStack.SSCreate" time="6.592" errors="0" timestamp="2023-05-25T10:28:48 IST" skipped="0">
  <testcase classname="ShopperStack.SSCreate" name="create" time="4.629"/>
  <system-out/>
  <testcase classname="ShopperStack.SSCreate" name="get" time="1.963"/>
  <system-out/>
</testsuite> <!-- ShopperStack.SSCreate -->
