<?xml version="1.0" encoding="UTF-8"?>
<!-- Generated by org.testng.reporters.JUnitReportReporter -->
<testsuite hostname="DESKTOP-L7E7ROD" failures="0" tests="1" name="Validation.RakutenAPIVlaidation1" time="36.723" errors="0" timestamp="2023-07-21T17:03:14 IST" skipped="0">
  <testcase classname="Validation.RakutenAPIVlaidation1" name="dynamicResponseValidation" time="36.723"/>
  <system-out/>
</testsuite> <!-- Validation.RakutenAPIVlaidation1 -->
