<?xml version="1.0" encoding="UTF-8"?>
<!-- Generated by org.testng.reporters.JUnitReportReporter -->
<testsuite hostname="DESKTOP-L7E7ROD" failures="0" tests="1" name="Practise.Practise2" time="2.029" errors="0" timestamp="2023-05-18T15:49:24 IST" skipped="0">
  <testcase classname="Practise.Practise2" name="test3" time="2.029"/>
  <system-out/>
</testsuite> <!-- Practise.Practise2 -->
