<?xml version="1.0" encoding="UTF-8"?>
<!-- Generated by org.testng.reporters.JUnitReportReporter -->
<testsuite hostname="DESKTOP-L7E7ROD" failures="0" tests="1" name="BDD.PostRequest" time="2.730" errors="0" timestamp="2023-05-08T12:55:22 IST" skipped="0">
  <testcase classname="BDD.PostRequest" name="createRepo" time="2.730"/>
  <system-out/>
</testsuite> <!-- BDD.PostRequest -->
