<?xml version="1.0" encoding="UTF-8"?>
<!-- Generated by org.testng.reporters.JUnitReportReporter -->
<testsuite hostname="DESKTOP-L7E7ROD" failures="0" tests="1" name="Deserialization.EmployeeDE" time="0.247" errors="0" timestamp="2023-06-13T10:24:08 IST" skipped="0">
  <testcase classname="Deserialization.EmployeeDE" name="empDeSerial" time="0.247"/>
  <system-out/>
</testsuite> <!-- Deserialization.EmployeeDE -->
