<?xml version="1.0" encoding="UTF-8"?>
<!-- Generated by org.testng.reporters.JUnitReportReporter -->
<testsuite hostname="DESKTOP-L7E7ROD" failures="0" tests="1" name="Validation.RakutenAPIvalidation" time="9.878" errors="0" timestamp="2023-07-21T16:28:43 IST" skipped="0">
  <testcase classname="Validation.RakutenAPIvalidation" name="dynamicResponseValidation" time="9.878"/>
  <system-out/>
</testsuite> <!-- Validation.RakutenAPIvalidation -->
