<?xml version="1.0" encoding="UTF-8"?>
<!-- Generated by org.testng.reporters.JUnitReportReporter -->
<testsuite hostname="DESKTOP-L7E7ROD" failures="0" tests="1" name="BDD.BDDGetAllRepo" time="2.507" errors="0" timestamp="2023-05-08T15:59:20 IST" skipped="0">
  <testcase classname="BDD.BDDGetAllRepo" name="getRepo" time="2.507"/>
  <system-out/>
</testsuite> <!-- BDD.BDDGetAllRepo -->
