<?xml version="1.0" encoding="UTF-8"?>
<!-- Generated by org.testng.reporters.JUnitReportReporter -->
<testsuite hostname="DESKTOP-L7E7ROD" failures="0" tests="1" name="Practice1.RequestChain" time="3.130" errors="0" timestamp="2023-06-28T11:30:49 IST" skipped="0">
  <testcase classname="Practice1.RequestChain" name="createResource" time="3.130"/>
  <system-out/>
</testsuite> <!-- Practice1.RequestChain -->
