<?xml version="1.0" encoding="UTF-8"?>
<!-- Generated by org.testng.reporters.JUnitReportReporter -->
<testsuite hostname="DESKTOP-L7E7ROD" failures="0" tests="1" name="Serialization.StudentSE" time="0.225" errors="0" timestamp="2023-05-08T09:17:27 IST" skipped="0">
  <testcase classname="Serialization.StudentSE" name="studentDetails" time="0.225"/>
  <system-out/>
</testsuite> <!-- Serialization.StudentSE -->
