<?xml version="1.0" encoding="UTF-8"?>
<!-- Generated by org.testng.reporters.JUnitReportReporter -->
<testsuite hostname="DESKTOP-L7E7ROD" failures="0" tests="4" name="DataDrivenTesting.DataDriventesting1" time="2.794" errors="0" timestamp="2023-05-11T15:52:51 IST" skipped="0">
  <testcase classname="DataDrivenTesting.DataDriventesting1" name="ReciveData" time="0.132"/>
  <system-out/>
  <testcase classname="DataDrivenTesting.DataDriventesting1" name="ReciveData" time="2.477"/>
  <system-out/>
  <testcase classname="DataDrivenTesting.DataDriventesting1" name="ReciveData" time="0.094"/>
  <system-out/>
  <testcase classname="DataDrivenTesting.DataDriventesting1" name="ReciveData" time="0.091"/>
  <system-out/>
</testsuite> <!-- DataDrivenTesting.DataDriventesting1 -->
