<?xml version="1.0" encoding="UTF-8"?>
<!-- Generated by org.testng.reporters.JUnitReportReporter -->
<testsuite hostname="DESKTOP-L7E7ROD" failures="0" tests="2" name="Practise.Practise1" time="2.600" errors="0" timestamp="2023-05-25T10:43:12 IST" skipped="0">
  <testcase classname="Practise.Practise1" name="fetchData" time="2.497"/>
  <system-out/>
  <testcase classname="Practise.Practise1" name="fetchData" time="0.103"/>
  <system-out/>
</testsuite> <!-- Practise.Practise1 -->
