<?xml version="1.0" encoding="UTF-8"?>
<!-- Generated by org.testng.reporters.JUnitReportReporter -->
<testsuite hostname="DESKTOP-L7E7ROD" failures="0" tests="1" name="Framework.Test1" time="5.569" errors="0" timestamp="2023-05-16T14:15:20 IST" skipped="0">
  <testcase classname="Framework.Test1" name="test1" time="5.569"/>
  <system-out/>
</testsuite> <!-- Framework.Test1 -->
