<?xml version="1.0" encoding="UTF-8"?>
<!-- Generated by org.testng.reporters.JUnitReportReporter -->
<testsuite hostname="DESKTOP-L7E7ROD" failures="0" tests="1" name="Deserialization.EmployeeDE" time="0.232" errors="0" timestamp="2023-05-05T12:04:05 IST" skipped="0">
  <testcase classname="Deserialization.EmployeeDE" name="empDeSerial" time="0.232"/>
  <system-out/>
</testsuite> <!-- Deserialization.EmployeeDE -->
