<?xml version="1.0" encoding="UTF-8"?>
<!-- Generated by org.testng.reporters.JUnitReportReporter -->
<testsuite hostname="DESKTOP-L7E7ROD" failures="0" tests="1" name="Practice1.DataDrivenTest" time="0.000" errors="0" timestamp="2023-06-28T12:58:13 IST" skipped="1">
  <testcase classname="Practice1.DataDrivenTest" name="ReciveData" time="0.000">
    <skipped/>
  </testcase> <!-- ReciveData -->
  <system-out/>
</testsuite> <!-- Practice1.DataDrivenTest -->
