<?xml version="1.0" encoding="UTF-8"?>
<!-- Generated by org.testng.reporters.JUnitReportReporter -->
<testsuite hostname="DESKTOP-L7E7ROD" failures="0" tests="1" name="Framework.Test2" time="6.871" errors="0" timestamp="2023-05-16T14:58:42 IST" skipped="0">
  <testcase classname="Framework.Test2" name="test2" time="6.871"/>
  <system-out/>
</testsuite> <!-- Framework.Test2 -->
