<?xml version="1.0" encoding="UTF-8"?>
<!-- Generated by org.testng.reporters.JUnitReportReporter -->
<testsuite hostname="DESKTOP-L7E7ROD" failures="0" tests="1" name="Practise.CRUDOperation" time="2.390" errors="0" timestamp="2023-06-13T11:22:46 IST" skipped="0">
  <testcase classname="Practise.CRUDOperation" name="update" time="2.390"/>
  <system-out/>
</testsuite> <!-- Practise.CRUDOperation -->
