<?xml version="1.0" encoding="UTF-8"?>
<!-- Generated by org.testng.reporters.JUnitReportReporter -->
<testsuite hostname="DESKTOP-L7E7ROD" failures="0" tests="1" name="Serialization.EmployeeSE" time="0.262" errors="0" timestamp="2023-07-21T16:50:28 IST" skipped="0">
  <testcase classname="Serialization.EmployeeSE" name="employeeSeri" time="0.262"/>
  <system-out/>
</testsuite> <!-- Serialization.EmployeeSE -->
