<?xml version="1.0" encoding="UTF-8"?>
<!-- Generated by org.testng.reporters.JUnitReportReporter -->
<testsuite hostname="DESKTOP-L7E7ROD" failures="0" tests="1" name="Serialization.EmpSEComplex" time="0.218" errors="0" timestamp="2023-05-05T12:42:46 IST" skipped="0">
  <testcase classname="Serialization.EmpSEComplex" name="empComplex" time="0.218"/>
  <system-out/>
</testsuite> <!-- Serialization.EmpSEComplex -->
