<?xml version="1.0" encoding="UTF-8"?>
<!-- Generated by org.testng.reporters.JUnitReportReporter -->
<testsuite hostname="DESKTOP-L7E7ROD" failures="0" tests="1" name="BDD.AllBDDActions" time="2.543" errors="0" timestamp="2023-06-13T10:54:58 IST" skipped="0">
  <testcase classname="BDD.AllBDDActions" name="postRequest" time="2.543"/>
  <system-out/>
</testsuite> <!-- BDD.AllBDDActions -->
