<?xml version="1.0" encoding="UTF-8"?>
<!-- Generated by org.testng.reporters.JUnitReportReporter -->
<testsuite hostname="DESKTOP-L7E7ROD" failures="0" tests="1" name="RequestChaining.RequestChaining" time="4.233" errors="0" timestamp="2023-05-18T14:46:39 IST" skipped="0">
  <testcase classname="RequestChaining.RequestChaining" name="PostGetUpdateDeleteRequest" time="4.233"/>
  <system-out/>
</testsuite> <!-- RequestChaining.RequestChaining -->
