<?xml version="1.0" encoding="UTF-8"?>
<!-- Generated by org.testng.reporters.JUnitReportReporter -->
<testsuite hostname="DESKTOP-L7E7ROD" failures="0" tests="1" name="Practise.JPpractice" time="0.012" errors="0" timestamp="2023-05-31T14:05:22 IST" skipped="0">
  <testcase classname="Practise.JPpractice" name="test12" time="0.012"/>
  <system-out/>
</testsuite> <!-- Practise.JPpractice -->
