<?xml version="1.0" encoding="UTF-8"?>
<!-- Generated by org.testng.reporters.JUnitReportReporter -->
<testsuite hostname="DESKTOP-L7E7ROD" failures="0" tests="1" name="WithOutBDD.DeleteRepo" time="1.860" errors="0" timestamp="2023-05-11T09:47:11 IST" skipped="0">
  <testcase classname="WithOutBDD.DeleteRepo" name="deleteRepo" time="1.860"/>
  <system-out/>
</testsuite> <!-- WithOutBDD.DeleteRepo -->
