<?xml version="1.0" encoding="UTF-8"?>
<!-- Generated by org.testng.reporters.JUnitReportReporter -->
<testsuite hostname="DESKTOP-L7E7ROD" failures="0" tests="1" name="BDD.GetSingleProjects" time="2.108" errors="0" timestamp="2023-05-08T12:16:09 IST" skipped="0">
  <testcase classname="BDD.GetSingleProjects" name="getSingleRepo" time="2.108"/>
  <system-out/>
</testsuite> <!-- BDD.GetSingleProjects -->
