<?xml version="1.0" encoding="UTF-8"?>
<!-- Generated by org.testng.reporters.JUnitReportReporter -->
<testsuite hostname="DESKTOP-L7E7ROD" failures="0" tests="1" name="Practise.ICCPractise" time="63.054" errors="0" timestamp="2023-05-30T13:16:35 IST" skipped="0">
  <testcase classname="Practise.ICCPractise" name="iccTest" time="63.054"/>
  <system-out/>
</testsuite> <!-- Practise.ICCPractise -->
