<?xml version="1.0" encoding="UTF-8"?>
<!-- Generated by org.testng.reporters.JUnitReportReporter -->
<testsuite hostname="DESKTOP-L7E7ROD" failures="0" tests="1" name="BDD.BDDCreateRepo" time="3.015" errors="0" timestamp="2023-05-19T09:58:40 IST" skipped="0">
  <testcase classname="BDD.BDDCreateRepo" name="createRepo" time="3.015"/>
  <system-out/>
</testsuite> <!-- BDD.BDDCreateRepo -->
