<?xml version="1.0" encoding="UTF-8"?>
<!-- Generated by org.testng.reporters.JUnitReportReporter -->
<testsuite hostname="DESKTOP-L7E7ROD" failures="0" tests="1" name="Practise.CRUDOperations3" time="2.280" errors="0" timestamp="2023-06-14T09:34:28 IST" skipped="0">
  <testcase classname="Practise.CRUDOperations3" name="auth" time="2.280"/>
  <system-out/>
</testsuite> <!-- Practise.CRUDOperations3 -->
