<?xml version="1.0" encoding="UTF-8"?>
<!-- Generated by org.testng.reporters.JUnitReportReporter -->
<testsuite hostname="DESKTOP-L7E7ROD" failures="0" tests="1" name="WithOutBDD.PostRequest" time="2.901" errors="0" timestamp="2023-06-13T10:43:16 IST" skipped="0">
  <testcase classname="WithOutBDD.PostRequest" name="createRepo" time="2.901"/>
  <system-out/>
</testsuite> <!-- WithOutBDD.PostRequest -->
