<?xml version="1.0" encoding="UTF-8"?>
<!-- Generated by org.testng.reporters.JUnitReportReporter -->
<testsuite hostname="DESKTOP-L7E7ROD" failures="0" tests="1" name="BDD.GetRequest" time="2.220" errors="0" timestamp="2023-05-08T11:33:08 IST" skipped="0">
  <testcase classname="BDD.GetRequest" name="getRepo" time="2.220"/>
  <system-out/>
</testsuite> <!-- BDD.GetRequest -->
