<?xml version="1.0" encoding="UTF-8"?>
<!-- Generated by org.testng.reporters.JUnitReportReporter -->
<testsuite hostname="DESKTOP-L7E7ROD" failures="0" tests="1" name="Practise.ICCPractise" time="43.876" errors="0" timestamp="2023-05-25T14:39:59 IST" skipped="0">
  <testcase classname="Practise.ICCPractise" name="iccTest" time="43.876"/>
  <system-out/>
</testsuite> <!-- Practise.ICCPractise -->
