<?xml version="1.0" encoding="UTF-8"?>
<!-- Generated by org.testng.reporters.JUnitReportReporter -->
<testsuite hostname="DESKTOP-L7E7ROD" failures="0" tests="1" name="Practise.Test1Validation" time="3.299" errors="0" timestamp="2023-05-12T10:19:45 IST" skipped="0">
  <testcase classname="Practise.Test1Validation" name="test1" time="3.299"/>
  <system-out/>
</testsuite> <!-- Practise.Test1Validation -->
