<?xml version="1.0" encoding="UTF-8"?>
<!-- Generated by org.testng.reporters.JUnitReportReporter -->
<testsuite hostname="DESKTOP-L7E7ROD" failures="0" tests="1" name="Serialization.EmployeeAy" time="0.234" errors="0" timestamp="2023-05-05T12:22:08 IST" skipped="0">
  <testcase classname="Serialization.EmployeeAy" name="empPhNoArray" time="0.234"/>
  <system-out/>
</testsuite> <!-- Serialization.EmployeeAy -->
