<?xml version="1.0" encoding="UTF-8"?>
<!-- Generated by org.testng.reporters.JUnitReportReporter -->
<testsuite hostname="DESKTOP-L7E7ROD" failures="0" tests="1" name="Practise.JPpractise" time="0.011" errors="0" timestamp="2023-05-31T17:20:21 IST" skipped="0">
  <testcase classname="Practise.JPpractise" name="test1" time="0.011"/>
  <system-out/>
</testsuite> <!-- Practise.JPpractise -->
