<?xml version="1.0" encoding="UTF-8"?>
<!-- Generated by org.testng.reporters.JUnitReportReporter -->
<testsuite hostname="DESKTOP-L7E7ROD" failures="0" tests="1" name="BDD.GetAllRequest" time="2.160" errors="0" timestamp="2023-05-08T15:35:18 IST" skipped="0">
  <testcase classname="BDD.GetAllRequest" name="getRepo" time="2.160"/>
  <system-out/>
</testsuite> <!-- BDD.GetAllRequest -->
