<?xml version="1.0" encoding="UTF-8"?>
<!-- Generated by org.testng.reporters.JUnitReportReporter -->
<testsuite hostname="DESKTOP-L7E7ROD" failures="0" tests="1" name="Deserialization.EmployeeDEAy" time="0.238" errors="0" timestamp="2023-05-05T12:26:13 IST" skipped="0">
  <testcase classname="Deserialization.EmployeeDEAy" name="empArray" time="0.238"/>
  <system-out/>
</testsuite> <!-- Deserialization.EmployeeDEAy -->
