<?xml version="1.0" encoding="UTF-8"?>
<!-- Generated by org.testng.reporters.JUnitReportReporter -->
<testsuite hostname="DESKTOP-L7E7ROD" failures="0" tests="1" name="Practice1.CRUDOperationWithBDD" time="2.810" errors="0" timestamp="2023-06-28T12:38:55 IST" skipped="0">
  <testcase classname="Practice1.CRUDOperationWithBDD" name="createResource" time="2.810"/>
  <system-out/>
</testsuite> <!-- Practice1.CRUDOperationWithBDD -->
