<?xml version="1.0" encoding="UTF-8"?>
<!-- Generated by org.testng.reporters.JUnitReportReporter -->
<testsuite hostname="DESKTOP-L7E7ROD" failures="0" tests="1" name="Practise.ShadowRoot" time="3.237" errors="0" timestamp="2023-05-30T15:16:43 IST" skipped="0">
  <testcase classname="Practise.ShadowRoot" name="search" time="3.237"/>
  <system-out/>
</testsuite> <!-- Practise.ShadowRoot -->
