<?xml version="1.0" encoding="UTF-8"?>
<!-- Generated by org.testng.reporters.JUnitReportReporter -->
<testsuite hostname="DESKTOP-L7E7ROD" failures="0" tests="1" name="Practice1.DiffWaysOfPostRequest" time="2.251" errors="0" timestamp="2023-06-28T11:13:16 IST" skipped="0">
  <testcase classname="Practice1.DiffWaysOfPostRequest" name="createResourceWithHelpOfJsonFile" time="2.251"/>
  <system-out/>
</testsuite> <!-- Practice1.DiffWaysOfPostRequest -->
