<?xml version="1.0" encoding="UTF-8"?>
<!-- Generated by org.testng.reporters.JUnitReportReporter -->
<testsuite hostname="DESKTOP-L7E7ROD" failures="0" tests="1" name="Practise.CRUDOperationBDD" time="0.009" errors="0" timestamp="2023-06-13T14:45:47 IST" skipped="0">
  <testcase classname="Practise.CRUDOperationBDD" name="jppractise" time="0.009"/>
  <system-out/>
</testsuite> <!-- Practise.CRUDOperationBDD -->
