<?xml version="1.0" encoding="UTF-8"?>
<!-- Generated by org.testng.reporters.JUnitReportReporter -->
<testsuite hostname="DESKTOP-L7E7ROD" failures="0" tests="1" name="DiffWaysOfPostRequest.PostRequestInDiffWays" time="2.720" errors="0" timestamp="2023-05-12T09:47:35 IST" skipped="0">
  <testcase classname="DiffWaysOfPostRequest.PostRequestInDiffWays" name="postRequestUsingPojo" time="2.720"/>
  <system-out/>
</testsuite> <!-- DiffWaysOfPostRequest.PostRequestInDiffWays -->
